The system is: Linux - 5.0.0-37-generic - x86_64
Compiling the CXX compiler identification source file "CMakeCXXCompilerId.cpp" succeeded.
Compiler: /usr/bin/c++ 
Build flags: 
Id flags:  

The output was:
0


Compilation of the CXX compiler identification source "CMakeCXXCompilerId.cpp" produced "a.out"

The CXX compiler identification is GNU, found in "/home/tatran/Documents/CIS-563-Final-Project-Particle-Take-2/build/CMakeFiles/3.10.2/CompilerIdCXX/a.out"

Determining if the CXX compiler works passed with the following output:
Change Dir: /home/tatran/Documents/CIS-563-Final-Project-Particle-Take-2/build/CMakeFiles/CMakeTmp

Run Build Command:"/usr/bin/make" "cmTC_7c187/fast"
/usr/bin/make -f CMakeFiles/cmTC_7c187.dir/build.make CMakeFiles/cmTC_7c187.dir/build
make[1]: Entering directory '/home/tatran/Documents/CIS-563-Final-Project-Particle-Take-2/build/CMakeFiles/CMakeTmp'
Building CXX object CMakeFiles/cmTC_7c187.dir/testCXXCompiler.cxx.o
/usr/bin/c++     -o CMakeFiles/cmTC_7c187.dir/testCXXCompiler.cxx.o -c /home/tatran/Documents/CIS-563-Final-Project-Particle-Take-2/build/CMakeFiles/CMakeTmp/testCXXCompiler.cxx
Linking CXX executable cmTC_7c187
/usr/bin/cmake -E cmake_link_script CMakeFiles/cmTC_7c187.dir/link.txt --verbose=1
/usr/bin/c++       -rdynamic CMakeFiles/cmTC_7c187.dir/testCXXCompiler.cxx.o  -o cmTC_7c187 
make[1]: Leaving directory '/home/tatran/Documents/CIS-563-Final-Project-Particle-Take-2/build/CMakeFiles/CMakeTmp'


Detecting CXX compiler ABI info compiled with the following output:
Change Dir: /home/tatran/Documents/CIS-563-Final-Project-Particle-Take-2/build/CMakeFiles/CMakeTmp

Run Build Command:"/usr/bin/make" "cmTC_854db/fast"
/usr/bin/make -f CMakeFiles/cmTC_854db.dir/build.make CMakeFiles/cmTC_854db.dir/build
make[1]: Entering directory '/home/tatran/Documents/CIS-563-Final-Project-Particle-Take-2/build/CMakeFiles/CMakeTmp'
Building CXX object CMakeFiles/cmTC_854db.dir/CMakeCXXCompilerABI.cpp.o
/usr/bin/c++     -o CMakeFiles/cmTC_854db.dir/CMakeCXXCompilerABI.cpp.o -c /usr/share/cmake-3.10/Modules/CMakeCXXCompilerABI.cpp
Linking CXX executable cmTC_854db
/usr/bin/cmake -E cmake_link_script CMakeFiles/cmTC_854db.dir/link.txt --verbose=1
/usr/bin/c++      -v -rdynamic CMakeFiles/cmTC_854db.dir/CMakeCXXCompilerABI.cpp.o  -o cmTC_854db 
Using built-in specs.
COLLECT_GCC=/usr/bin/c++
COLLECT_LTO_WRAPPER=/usr/lib/gcc/x86_64-linux-gnu/7/lto-wrapper
OFFLOAD_TARGET_NAMES=nvptx-none
OFFLOAD_TARGET_DEFAULT=1
Target: x86_64-linux-gnu
Configured with: ../src/configure -v --with-pkgversion='Ubuntu 7.4.0-1ubuntu1~18.04.1' --with-bugurl=file:///usr/share/doc/gcc-7/README.Bugs --enable-languages=c,ada,c++,go,brig,d,fortran,objc,obj-c++ --prefix=/usr --with-gcc-major-version-only --program-suffix=-7 --program-prefix=x86_64-linux-gnu- --enable-shared --enable-linker-build-id --libexecdir=/usr/lib --without-included-gettext --enable-threads=posix --libdir=/usr/lib --enable-nls --with-sysroot=/ --enable-clocale=gnu --enable-libstdcxx-debug --enable-libstdcxx-time=yes --with-default-libstdcxx-abi=new --enable-gnu-unique-object --disable-vtable-verify --enable-libmpx --enable-plugin --enable-default-pie --with-system-zlib --with-target-system-zlib --enable-objc-gc=auto --enable-multiarch --disable-werror --with-arch-32=i686 --with-abi=m64 --with-multilib-list=m32,m64,mx32 --enable-multilib --with-tune=generic --enable-offload-targets=nvptx-none --without-cuda-driver --enable-checking=release --build=x86_64-linux-gnu --host=x86_64-linux-gnu --target=x86_64-linux-gnu
Thread model: posix
gcc version 7.4.0 (Ubuntu 7.4.0-1ubuntu1~18.04.1) 
COMPILER_PATH=/usr/lib/gcc/x86_64-linux-gnu/7/:/usr/lib/gcc/x86_64-linux-gnu/7/:/usr/lib/gcc/x86_64-linux-gnu/:/usr/lib/gcc/x86_64-linux-gnu/7/:/usr/lib/gcc/x86_64-linux-gnu/
LIBRARY_PATH=/usr/lib/gcc/x86_64-linux-gnu/7/:/usr/lib/gcc/x86_64-linux-gnu/7/../../../x86_64-linux-gnu/:/usr/lib/gcc/x86_64-linux-gnu/7/../../../../lib/:/lib/x86_64-linux-gnu/:/lib/../lib/:/usr/lib/x86_64-linux-gnu/:/usr/lib/../lib/:/usr/lib/gcc/x86_64-linux-gnu/7/../../../:/lib/:/usr/lib/
COLLECT_GCC_OPTIONS='-v' '-rdynamic' '-o' 'cmTC_854db' '-shared-libgcc' '-mtune=generic' '-march=x86-64'
 /usr/lib/gcc/x86_64-linux-gnu/7/collect2 -plugin /usr/lib/gcc/x86_64-linux-gnu/7/liblto_plugin.so -plugin-opt=/usr/lib/gcc/x86_64-linux-gnu/7/lto-wrapper -plugin-opt=-fresolution=/tmp/cczz7heO.res -plugin-opt=-pass-through=-lgcc_s -plugin-opt=-pass-through=-lgcc -plugin-opt=-pass-through=-lc -plugin-opt=-pass-through=-lgcc_s -plugin-opt=-pass-through=-lgcc --sysroot=/ --build-id --eh-frame-hdr -m elf_x86_64 --hash-style=gnu --as-needed -export-dynamic -dynamic-linker /lib64/ld-linux-x86-64.so.2 -pie -z now -z relro -o cmTC_854db /usr/lib/gcc/x86_64-linux-gnu/7/../../../x86_64-linux-gnu/Scrt1.o /usr/lib/gcc/x86_64-linux-gnu/7/../../../x86_64-linux-gnu/crti.o /usr/lib/gcc/x86_64-linux-gnu/7/crtbeginS.o -L/usr/lib/gcc/x86_64-linux-gnu/7 -L/usr/lib/gcc/x86_64-linux-gnu/7/../../../x86_64-linux-gnu -L/usr/lib/gcc/x86_64-linux-gnu/7/../../../../lib -L/lib/x86_64-linux-gnu -L/lib/../lib -L/usr/lib/x86_64-linux-gnu -L/usr/lib/../lib -L/usr/lib/gcc/x86_64-linux-gnu/7/../../.. CMakeFiles/cmTC_854db.dir/CMakeCXXCompilerABI.cpp.o -lstdc++ -lm -lgcc_s -lgcc -lc -lgcc_s -lgcc /usr/lib/gcc/x86_64-linux-gnu/7/crtendS.o /usr/lib/gcc/x86_64-linux-gnu/7/../../../x86_64-linux-gnu/crtn.o
COLLECT_GCC_OPTIONS='-v' '-rdynamic' '-o' 'cmTC_854db' '-shared-libgcc' '-mtune=generic' '-march=x86-64'
make[1]: Leaving directory '/home/tatran/Documents/CIS-563-Final-Project-Particle-Take-2/build/CMakeFiles/CMakeTmp'


Parsed CXX implicit link information from above output:
  link line regex: [^( *|.*[/\])(ld|CMAKE_LINK_STARTFILE-NOTFOUND|([^/\]+-)?ld|collect2)[^/\]*( |$)]
  ignore line: [Change Dir: /home/tatran/Documents/CIS-563-Final-Project-Particle-Take-2/build/CMakeFiles/CMakeTmp]
  ignore line: []
  ignore line: [Run Build Command:"/usr/bin/make" "cmTC_854db/fast"]
  ignore line: [/usr/bin/make -f CMakeFiles/cmTC_854db.dir/build.make CMakeFiles/cmTC_854db.dir/build]
  ignore line: [make[1]: Entering directory '/home/tatran/Documents/CIS-563-Final-Project-Particle-Take-2/build/CMakeFiles/CMakeTmp']
  ignore line: [Building CXX object CMakeFiles/cmTC_854db.dir/CMakeCXXCompilerABI.cpp.o]
  ignore line: [/usr/bin/c++     -o CMakeFiles/cmTC_854db.dir/CMakeCXXCompilerABI.cpp.o -c /usr/share/cmake-3.10/Modules/CMakeCXXCompilerABI.cpp]
  ignore line: [Linking CXX executable cmTC_854db]
  ignore line: [/usr/bin/cmake -E cmake_link_script CMakeFiles/cmTC_854db.dir/link.txt --verbose=1]
  ignore line: [/usr/bin/c++      -v -rdynamic CMakeFiles/cmTC_854db.dir/CMakeCXXCompilerABI.cpp.o  -o cmTC_854db ]
  ignore line: [Using built-in specs.]
  ignore line: [COLLECT_GCC=/usr/bin/c++]
  ignore line: [COLLECT_LTO_WRAPPER=/usr/lib/gcc/x86_64-linux-gnu/7/lto-wrapper]
  ignore line: [OFFLOAD_TARGET_NAMES=nvptx-none]
  ignore line: [OFFLOAD_TARGET_DEFAULT=1]
  ignore line: [Target: x86_64-linux-gnu]
  ignore line: [Configured with: ../src/configure -v --with-pkgversion='Ubuntu 7.4.0-1ubuntu1~18.04.1' --with-bugurl=file:///usr/share/doc/gcc-7/README.Bugs --enable-languages=c,ada,c++,go,brig,d,fortran,objc,obj-c++ --prefix=/usr --with-gcc-major-version-only --program-suffix=-7 --program-prefix=x86_64-linux-gnu- --enable-shared --enable-linker-build-id --libexecdir=/usr/lib --without-included-gettext --enable-threads=posix --libdir=/usr/lib --enable-nls --with-sysroot=/ --enable-clocale=gnu --enable-libstdcxx-debug --enable-libstdcxx-time=yes --with-default-libstdcxx-abi=new --enable-gnu-unique-object --disable-vtable-verify --enable-libmpx --enable-plugin --enable-default-pie --with-system-zlib --with-target-system-zlib --enable-objc-gc=auto --enable-multiarch --disable-werror --with-arch-32=i686 --with-abi=m64 --with-multilib-list=m32,m64,mx32 --enable-multilib --with-tune=generic --enable-offload-targets=nvptx-none --without-cuda-driver --enable-checking=release --build=x86_64-linux-gnu --host=x86_64-linux-gnu --target=x86_64-linux-gnu]
  ignore line: [Thread model: posix]
  ignore line: [gcc version 7.4.0 (Ubuntu 7.4.0-1ubuntu1~18.04.1) ]
  ignore line: [COMPILER_PATH=/usr/lib/gcc/x86_64-linux-gnu/7/:/usr/lib/gcc/x86_64-linux-gnu/7/:/usr/lib/gcc/x86_64-linux-gnu/:/usr/lib/gcc/x86_64-linux-gnu/7/:/usr/lib/gcc/x86_64-linux-gnu/]
  ignore line: [LIBRARY_PATH=/usr/lib/gcc/x86_64-linux-gnu/7/:/usr/lib/gcc/x86_64-linux-gnu/7/../../../x86_64-linux-gnu/:/usr/lib/gcc/x86_64-linux-gnu/7/../../../../lib/:/lib/x86_64-linux-gnu/:/lib/../lib/:/usr/lib/x86_64-linux-gnu/:/usr/lib/../lib/:/usr/lib/gcc/x86_64-linux-gnu/7/../../../:/lib/:/usr/lib/]
  ignore line: [COLLECT_GCC_OPTIONS='-v' '-rdynamic' '-o' 'cmTC_854db' '-shared-libgcc' '-mtune=generic' '-march=x86-64']
  link line: [ /usr/lib/gcc/x86_64-linux-gnu/7/collect2 -plugin /usr/lib/gcc/x86_64-linux-gnu/7/liblto_plugin.so -plugin-opt=/usr/lib/gcc/x86_64-linux-gnu/7/lto-wrapper -plugin-opt=-fresolution=/tmp/cczz7heO.res -plugin-opt=-pass-through=-lgcc_s -plugin-opt=-pass-through=-lgcc -plugin-opt=-pass-through=-lc -plugin-opt=-pass-through=-lgcc_s -plugin-opt=-pass-through=-lgcc --sysroot=/ --build-id --eh-frame-hdr -m elf_x86_64 --hash-style=gnu --as-needed -export-dynamic -dynamic-linker /lib64/ld-linux-x86-64.so.2 -pie -z now -z relro -o cmTC_854db /usr/lib/gcc/x86_64-linux-gnu/7/../../../x86_64-linux-gnu/Scrt1.o /usr/lib/gcc/x86_64-linux-gnu/7/../../../x86_64-linux-gnu/crti.o /usr/lib/gcc/x86_64-linux-gnu/7/crtbeginS.o -L/usr/lib/gcc/x86_64-linux-gnu/7 -L/usr/lib/gcc/x86_64-linux-gnu/7/../../../x86_64-linux-gnu -L/usr/lib/gcc/x86_64-linux-gnu/7/../../../../lib -L/lib/x86_64-linux-gnu -L/lib/../lib -L/usr/lib/x86_64-linux-gnu -L/usr/lib/../lib -L/usr/lib/gcc/x86_64-linux-gnu/7/../../.. CMakeFiles/cmTC_854db.dir/CMakeCXXCompilerABI.cpp.o -lstdc++ -lm -lgcc_s -lgcc -lc -lgcc_s -lgcc /usr/lib/gcc/x86_64-linux-gnu/7/crtendS.o /usr/lib/gcc/x86_64-linux-gnu/7/../../../x86_64-linux-gnu/crtn.o]
    arg [/usr/lib/gcc/x86_64-linux-gnu/7/collect2] ==> ignore
    arg [-plugin] ==> ignore
    arg [/usr/lib/gcc/x86_64-linux-gnu/7/liblto_plugin.so] ==> ignore
    arg [-plugin-opt=/usr/lib/gcc/x86_64-linux-gnu/7/lto-wrapper] ==> ignore
    arg [-plugin-opt=-fresolution=/tmp/cczz7heO.res] ==> ignore
    arg [-plugin-opt=-pass-through=-lgcc_s] ==> ignore
    arg [-plugin-opt=-pass-through=-lgcc] ==> ignore
    arg [-plugin-opt=-pass-through=-lc] ==> ignore
    arg [-plugin-opt=-pass-through=-lgcc_s] ==> ignore
    arg [-plugin-opt=-pass-through=-lgcc] ==> ignore
    arg [--sysroot=/] ==> ignore
    arg [--build-id] ==> ignore
    arg [--eh-frame-hdr] ==> ignore
    arg [-m] ==> ignore
    arg [elf_x86_64] ==> ignore
    arg [--hash-style=gnu] ==> ignore
    arg [--as-needed] ==> ignore
    arg [-export-dynamic] ==> ignore
    arg [-dynamic-linker] ==> ignore
    arg [/lib64/ld-linux-x86-64.so.2] ==> ignore
    arg [-pie] ==> ignore
    arg [-znow] ==> ignore
    arg [-zrelro] ==> ignore
    arg [-o] ==> ignore
    arg [cmTC_854db] ==> ignore
    arg [/usr/lib/gcc/x86_64-linux-gnu/7/../../../x86_64-linux-gnu/Scrt1.o] ==> ignore
    arg [/usr/lib/gcc/x86_64-linux-gnu/7/../../../x86_64-linux-gnu/crti.o] ==> ignore
    arg [/usr/lib/gcc/x86_64-linux-gnu/7/crtbeginS.o] ==> ignore
    arg [-L/usr/lib/gcc/x86_64-linux-gnu/7] ==> dir [/usr/lib/gcc/x86_64-linux-gnu/7]
    arg [-L/usr/lib/gcc/x86_64-linux-gnu/7/../../../x86_64-linux-gnu] ==> dir [/usr/lib/gcc/x86_64-linux-gnu/7/../../../x86_64-linux-gnu]
    arg [-L/usr/lib/gcc/x86_64-linux-gnu/7/../../../../lib] ==> dir [/usr/lib/gcc/x86_64-linux-gnu/7/../../../../lib]
    arg [-L/lib/x86_64-linux-gnu] ==> dir [/lib/x86_64-linux-gnu]
    arg [-L/lib/../lib] ==> dir [/lib/../lib]
    arg [-L/usr/lib/x86_64-linux-gnu] ==> dir [/usr/lib/x86_64-linux-gnu]
    arg [-L/usr/lib/../lib] ==> dir [/usr/lib/../lib]
    arg [-L/usr/lib/gcc/x86_64-linux-gnu/7/../../..] ==> dir [/usr/lib/gcc/x86_64-linux-gnu/7/../../..]
    arg [CMakeFiles/cmTC_854db.dir/CMakeCXXCompilerABI.cpp.o] ==> ignore
    arg [-lstdc++] ==> lib [stdc++]
    arg [-lm] ==> lib [m]
    arg [-lgcc_s] ==> lib [gcc_s]
    arg [-lgcc] ==> lib [gcc]
    arg [-lc] ==> lib [c]
    arg [-lgcc_s] ==> lib [gcc_s]
    arg [-lgcc] ==> lib [gcc]
    arg [/usr/lib/gcc/x86_64-linux-gnu/7/crtendS.o] ==> ignore
    arg [/usr/lib/gcc/x86_64-linux-gnu/7/../../../x86_64-linux-gnu/crtn.o] ==> ignore
  collapse library dir [/usr/lib/gcc/x86_64-linux-gnu/7] ==> [/usr/lib/gcc/x86_64-linux-gnu/7]
  collapse library dir [/usr/lib/gcc/x86_64-linux-gnu/7/../../../x86_64-linux-gnu] ==> [/usr/lib/x86_64-linux-gnu]
  collapse library dir [/usr/lib/gcc/x86_64-linux-gnu/7/../../../../lib] ==> [/usr/lib]
  collapse library dir [/lib/x86_64-linux-gnu] ==> [/lib/x86_64-linux-gnu]
  collapse library dir [/lib/../lib] ==> [/lib]
  collapse library dir [/usr/lib/x86_64-linux-gnu] ==> [/usr/lib/x86_64-linux-gnu]
  collapse library dir [/usr/lib/../lib] ==> [/usr/lib]
  collapse library dir [/usr/lib/gcc/x86_64-linux-gnu/7/../../..] ==> [/usr/lib]
  implicit libs: [stdc++;m;gcc_s;gcc;c;gcc_s;gcc]
  implicit dirs: [/usr/lib/gcc/x86_64-linux-gnu/7;/usr/lib/x86_64-linux-gnu;/usr/lib;/lib/x86_64-linux-gnu;/lib]
  implicit fwks: []




Detecting CXX [-std=c++1z] compiler features compiled with the following output:
Change Dir: /home/tatran/Documents/CIS-563-Final-Project-Particle-Take-2/build/CMakeFiles/CMakeTmp

Run Build Command:"/usr/bin/make" "cmTC_9f12f/fast"
/usr/bin/make -f CMakeFiles/cmTC_9f12f.dir/build.make CMakeFiles/cmTC_9f12f.dir/build
make[1]: Entering directory '/home/tatran/Documents/CIS-563-Final-Project-Particle-Take-2/build/CMakeFiles/CMakeTmp'
Building CXX object CMakeFiles/cmTC_9f12f.dir/feature_tests.cxx.o
/usr/bin/c++    -std=c++1z -o CMakeFiles/cmTC_9f12f.dir/feature_tests.cxx.o -c /home/tatran/Documents/CIS-563-Final-Project-Particle-Take-2/build/CMakeFiles/feature_tests.cxx
Linking CXX executable cmTC_9f12f
/usr/bin/cmake -E cmake_link_script CMakeFiles/cmTC_9f12f.dir/link.txt --verbose=1
/usr/bin/c++       -rdynamic CMakeFiles/cmTC_9f12f.dir/feature_tests.cxx.o  -o cmTC_9f12f 
make[1]: Leaving directory '/home/tatran/Documents/CIS-563-Final-Project-Particle-Take-2/build/CMakeFiles/CMakeTmp'


    Feature record: CXX_FEATURE:1cxx_aggregate_default_initializers
    Feature record: CXX_FEATURE:1cxx_alias_templates
    Feature record: CXX_FEATURE:1cxx_alignas
    Feature record: CXX_FEATURE:1cxx_alignof
    Feature record: CXX_FEATURE:1cxx_attributes
    Feature record: CXX_FEATURE:1cxx_attribute_deprecated
    Feature record: CXX_FEATURE:1cxx_auto_type
    Feature record: CXX_FEATURE:1cxx_binary_literals
    Feature record: CXX_FEATURE:1cxx_constexpr
    Feature record: CXX_FEATURE:1cxx_contextual_conversions
    Feature record: CXX_FEATURE:1cxx_decltype
    Feature record: CXX_FEATURE:1cxx_decltype_auto
    Feature record: CXX_FEATURE:1cxx_decltype_incomplete_return_types
    Feature record: CXX_FEATURE:1cxx_default_function_template_args
    Feature record: CXX_FEATURE:1cxx_defaulted_functions
    Feature record: CXX_FEATURE:1cxx_defaulted_move_initializers
    Feature record: CXX_FEATURE:1cxx_delegating_constructors
    Feature record: CXX_FEATURE:1cxx_deleted_functions
    Feature record: CXX_FEATURE:1cxx_digit_separators
    Feature record: CXX_FEATURE:1cxx_enum_forward_declarations
    Feature record: CXX_FEATURE:1cxx_explicit_conversions
    Feature record: CXX_FEATURE:1cxx_extended_friend_declarations
    Feature record: CXX_FEATURE:1cxx_extern_templates
    Feature record: CXX_FEATURE:1cxx_final
    Feature record: CXX_FEATURE:1cxx_func_identifier
    Feature record: CXX_FEATURE:1cxx_generalized_initializers
    Feature record: CXX_FEATURE:1cxx_generic_lambdas
    Feature record: CXX_FEATURE:1cxx_inheriting_constructors
    Feature record: CXX_FEATURE:1cxx_inline_namespaces
    Feature record: CXX_FEATURE:1cxx_lambdas
    Feature record: CXX_FEATURE:1cxx_lambda_init_captures
    Feature record: CXX_FEATURE:1cxx_local_type_template_args
    Feature record: CXX_FEATURE:1cxx_long_long_type
    Feature record: CXX_FEATURE:1cxx_noexcept
    Feature record: CXX_FEATURE:1cxx_nonstatic_member_init
    Feature record: CXX_FEATURE:1cxx_nullptr
    Feature record: CXX_FEATURE:1cxx_override
    Feature record: CXX_FEATURE:1cxx_range_for
    Feature record: CXX_FEATURE:1cxx_raw_string_literals
    Feature record: CXX_FEATURE:1cxx_reference_qualified_functions
    Feature record: CXX_FEATURE:1cxx_relaxed_constexpr
    Feature record: CXX_FEATURE:1cxx_return_type_deduction
    Feature record: CXX_FEATURE:1cxx_right_angle_brackets
    Feature record: CXX_FEATURE:1cxx_rvalue_references
    Feature record: CXX_FEATURE:1cxx_sizeof_member
    Feature record: CXX_FEATURE:1cxx_static_assert
    Feature record: CXX_FEATURE:1cxx_strong_enums
    Feature record: CXX_FEATURE:1cxx_template_template_parameters
    Feature record: CXX_FEATURE:1cxx_thread_local
    Feature record: CXX_FEATURE:1cxx_trailing_return_types
    Feature record: CXX_FEATURE:1cxx_unicode_literals
    Feature record: CXX_FEATURE:1cxx_uniform_initialization
    Feature record: CXX_FEATURE:1cxx_unrestricted_unions
    Feature record: CXX_FEATURE:1cxx_user_literals
    Feature record: CXX_FEATURE:1cxx_variable_templates
    Feature record: CXX_FEATURE:1cxx_variadic_macros
    Feature record: CXX_FEATURE:1cxx_variadic_templates


Detecting CXX [-std=c++14] compiler features compiled with the following output:
Change Dir: /home/tatran/Documents/CIS-563-Final-Project-Particle-Take-2/build/CMakeFiles/CMakeTmp

Run Build Command:"/usr/bin/make" "cmTC_80f61/fast"
/usr/bin/make -f CMakeFiles/cmTC_80f61.dir/build.make CMakeFiles/cmTC_80f61.dir/build
make[1]: Entering directory '/home/tatran/Documents/CIS-563-Final-Project-Particle-Take-2/build/CMakeFiles/CMakeTmp'
Building CXX object CMakeFiles/cmTC_80f61.dir/feature_tests.cxx.o
/usr/bin/c++    -std=c++14 -o CMakeFiles/cmTC_80f61.dir/feature_tests.cxx.o -c /home/tatran/Documents/CIS-563-Final-Project-Particle-Take-2/build/CMakeFiles/feature_tests.cxx
Linking CXX executable cmTC_80f61
/usr/bin/cmake -E cmake_link_script CMakeFiles/cmTC_80f61.dir/link.txt --verbose=1
/usr/bin/c++       -rdynamic CMakeFiles/cmTC_80f61.dir/feature_tests.cxx.o  -o cmTC_80f61 
make[1]: Leaving directory '/home/tatran/Documents/CIS-563-Final-Project-Particle-Take-2/build/CMakeFiles/CMakeTmp'


    Feature record: CXX_FEATURE:1cxx_aggregate_default_initializers
    Feature record: CXX_FEATURE:1cxx_alias_templates
    Feature record: CXX_FEATURE:1cxx_alignas
    Feature record: CXX_FEATURE:1cxx_alignof
    Feature record: CXX_FEATURE:1cxx_attributes
    Feature record: CXX_FEATURE:1cxx_attribute_deprecated
    Feature record: CXX_FEATURE:1cxx_auto_type
    Feature record: CXX_FEATURE:1cxx_binary_literals
    Feature record: CXX_FEATURE:1cxx_constexpr
    Feature record: CXX_FEATURE:1cxx_contextual_conversions
    Feature record: CXX_FEATURE:1cxx_decltype
    Feature record: CXX_FEATURE:1cxx_decltype_auto
    Feature record: CXX_FEATURE:1cxx_decltype_incomplete_return_types
    Feature record: CXX_FEATURE:1cxx_default_function_template_args
    Feature record: CXX_FEATURE:1cxx_defaulted_functions
    Feature record: CXX_FEATURE:1cxx_defaulted_move_initializers
    Feature record: CXX_FEATURE:1cxx_delegating_constructors
    Feature record: CXX_FEATURE:1cxx_deleted_functions
    Feature record: CXX_FEATURE:1cxx_digit_separators
    Feature record: CXX_FEATURE:1cxx_enum_forward_declarations
    Feature record: CXX_FEATURE:1cxx_explicit_conversions
    Feature record: CXX_FEATURE:1cxx_extended_friend_declarations
    Feature record: CXX_FEATURE:1cxx_extern_templates
    Feature record: CXX_FEATURE:1cxx_final
    Feature record: CXX_FEATURE:1cxx_func_identifier
    Feature record: CXX_FEATURE:1cxx_generalized_initializers
    Feature record: CXX_FEATURE:1cxx_generic_lambdas
    Feature record: CXX_FEATURE:1cxx_inheriting_constructors
    Feature record: CXX_FEATURE:1cxx_inline_namespaces
    Feature record: CXX_FEATURE:1cxx_lambdas
    Feature record: CXX_FEATURE:1cxx_lambda_init_captures
    Feature record: CXX_FEATURE:1cxx_local_type_template_args
    Feature record: CXX_FEATURE:1cxx_long_long_type
    Feature record: CXX_FEATURE:1cxx_noexcept
    Feature record: CXX_FEATURE:1cxx_nonstatic_member_init
    Feature record: CXX_FEATURE:1cxx_nullptr
    Feature record: CXX_FEATURE:1cxx_override
    Feature record: CXX_FEATURE:1cxx_range_for
    Feature record: CXX_FEATURE:1cxx_raw_string_literals
    Feature record: CXX_FEATURE:1cxx_reference_qualified_functions
    Feature record: CXX_FEATURE:1cxx_relaxed_constexpr
    Feature record: CXX_FEATURE:1cxx_return_type_deduction
    Feature record: CXX_FEATURE:1cxx_right_angle_brackets
    Feature record: CXX_FEATURE:1cxx_rvalue_references
    Feature record: CXX_FEATURE:1cxx_sizeof_member
    Feature record: CXX_FEATURE:1cxx_static_assert
    Feature record: CXX_FEATURE:1cxx_strong_enums
    Feature record: CXX_FEATURE:1cxx_template_template_parameters
    Feature record: CXX_FEATURE:1cxx_thread_local
    Feature record: CXX_FEATURE:1cxx_trailing_return_types
    Feature record: CXX_FEATURE:1cxx_unicode_literals
    Feature record: CXX_FEATURE:1cxx_uniform_initialization
    Feature record: CXX_FEATURE:1cxx_unrestricted_unions
    Feature record: CXX_FEATURE:1cxx_user_literals
    Feature record: CXX_FEATURE:1cxx_variable_templates
    Feature record: CXX_FEATURE:1cxx_variadic_macros
    Feature record: CXX_FEATURE:1cxx_variadic_templates


Detecting CXX [-std=c++11] compiler features compiled with the following output:
Change Dir: /home/tatran/Documents/CIS-563-Final-Project-Particle-Take-2/build/CMakeFiles/CMakeTmp

Run Build Command:"/usr/bin/make" "cmTC_fbd67/fast"
/usr/bin/make -f CMakeFiles/cmTC_fbd67.dir/build.make CMakeFiles/cmTC_fbd67.dir/build
make[1]: Entering directory '/home/tatran/Documents/CIS-563-Final-Project-Particle-Take-2/build/CMakeFiles/CMakeTmp'
Building CXX object CMakeFiles/cmTC_fbd67.dir/feature_tests.cxx.o
/usr/bin/c++    -std=c++11 -o CMakeFiles/cmTC_fbd67.dir/feature_tests.cxx.o -c /home/tatran/Documents/CIS-563-Final-Project-Particle-Take-2/build/CMakeFiles/feature_tests.cxx
Linking CXX executable cmTC_fbd67
/usr/bin/cmake -E cmake_link_script CMakeFiles/cmTC_fbd67.dir/link.txt --verbose=1
/usr/bin/c++       -rdynamic CMakeFiles/cmTC_fbd67.dir/feature_tests.cxx.o  -o cmTC_fbd67 
make[1]: Leaving directory '/home/tatran/Documents/CIS-563-Final-Project-Particle-Take-2/build/CMakeFiles/CMakeTmp'


    Feature record: CXX_FEATURE:0cxx_aggregate_default_initializers
    Feature record: CXX_FEATURE:1cxx_alias_templates
    Feature record: CXX_FEATURE:1cxx_alignas
    Feature record: CXX_FEATURE:1cxx_alignof
    Feature record: CXX_FEATURE:1cxx_attributes
    Feature record: CXX_FEATURE:0cxx_attribute_deprecated
    Feature record: CXX_FEATURE:1cxx_auto_type
    Feature record: CXX_FEATURE:0cxx_binary_literals
    Feature record: CXX_FEATURE:1cxx_constexpr
    Feature record: CXX_FEATURE:0cxx_contextual_conversions
    Feature record: CXX_FEATURE:1cxx_decltype
    Feature record: CXX_FEATURE:0cxx_decltype_auto
    Feature record: CXX_FEATURE:1cxx_decltype_incomplete_return_types
    Feature record: CXX_FEATURE:1cxx_default_function_template_args
    Feature record: CXX_FEATURE:1cxx_defaulted_functions
    Feature record: CXX_FEATURE:1cxx_defaulted_move_initializers
    Feature record: CXX_FEATURE:1cxx_delegating_constructors
    Feature record: CXX_FEATURE:1cxx_deleted_functions
    Feature record: CXX_FEATURE:0cxx_digit_separators
    Feature record: CXX_FEATURE:1cxx_enum_forward_declarations
    Feature record: CXX_FEATURE:1cxx_explicit_conversions
    Feature record: CXX_FEATURE:1cxx_extended_friend_declarations
    Feature record: CXX_FEATURE:1cxx_extern_templates
    Feature record: CXX_FEATURE:1cxx_final
    Feature record: CXX_FEATURE:1cxx_func_identifier
    Feature record: CXX_FEATURE:1cxx_generalized_initializers
    Feature record: CXX_FEATURE:0cxx_generic_lambdas
    Feature record: CXX_FEATURE:1cxx_inheriting_constructors
    Feature record: CXX_FEATURE:1cxx_inline_namespaces
    Feature record: CXX_FEATURE:1cxx_lambdas
    Feature record: CXX_FEATURE:0cxx_lambda_init_captures
    Feature record: CXX_FEATURE:1cxx_local_type_template_args
    Feature record: CXX_FEATURE:1cxx_long_long_type
    Feature record: CXX_FEATURE:1cxx_noexcept
    Feature record: CXX_FEATURE:1cxx_nonstatic_member_init
    Feature record: CXX_FEATURE:1cxx_nullptr
    Feature record: CXX_FEATURE:1cxx_override
    Feature record: CXX_FEATURE:1cxx_range_for
    Feature record: CXX_FEATURE:1cxx_raw_string_literals
    Feature record: CXX_FEATURE:1cxx_reference_qualified_functions
    Feature record: CXX_FEATURE:0cxx_relaxed_constexpr
    Feature record: CXX_FEATURE:0cxx_return_type_deduction
    Feature record: CXX_FEATURE:1cxx_right_angle_brackets
    Feature record: CXX_FEATURE:1cxx_rvalue_references
    Feature record: CXX_FEATURE:1cxx_sizeof_member
    Feature record: CXX_FEATURE:1cxx_static_assert
    Feature record: CXX_FEATURE:1cxx_strong_enums
    Feature record: CXX_FEATURE:1cxx_template_template_parameters
    Feature record: CXX_FEATURE:1cxx_thread_local
    Feature record: CXX_FEATURE:1cxx_trailing_return_types
    Feature record: CXX_FEATURE:1cxx_unicode_literals
    Feature record: CXX_FEATURE:1cxx_uniform_initialization
    Feature record: CXX_FEATURE:1cxx_unrestricted_unions
    Feature record: CXX_FEATURE:1cxx_user_literals
    Feature record: CXX_FEATURE:0cxx_variable_templates
    Feature record: CXX_FEATURE:1cxx_variadic_macros
    Feature record: CXX_FEATURE:1cxx_variadic_templates


Detecting CXX [-std=c++98] compiler features compiled with the following output:
Change Dir: /home/tatran/Documents/CIS-563-Final-Project-Particle-Take-2/build/CMakeFiles/CMakeTmp

Run Build Command:"/usr/bin/make" "cmTC_5e150/fast"
/usr/bin/make -f CMakeFiles/cmTC_5e150.dir/build.make CMakeFiles/cmTC_5e150.dir/build
make[1]: Entering directory '/home/tatran/Documents/CIS-563-Final-Project-Particle-Take-2/build/CMakeFiles/CMakeTmp'
Building CXX object CMakeFiles/cmTC_5e150.dir/feature_tests.cxx.o
/usr/bin/c++    -std=c++98 -o CMakeFiles/cmTC_5e150.dir/feature_tests.cxx.o -c /home/tatran/Documents/CIS-563-Final-Project-Particle-Take-2/build/CMakeFiles/feature_tests.cxx
Linking CXX executable cmTC_5e150
/usr/bin/cmake -E cmake_link_script CMakeFiles/cmTC_5e150.dir/link.txt --verbose=1
/usr/bin/c++       -rdynamic CMakeFiles/cmTC_5e150.dir/feature_tests.cxx.o  -o cmTC_5e150 
make[1]: Leaving directory '/home/tatran/Documents/CIS-563-Final-Project-Particle-Take-2/build/CMakeFiles/CMakeTmp'


    Feature record: CXX_FEATURE:0cxx_aggregate_default_initializers
    Feature record: CXX_FEATURE:0cxx_alias_templates
    Feature record: CXX_FEATURE:0cxx_alignas
    Feature record: CXX_FEATURE:0cxx_alignof
    Feature record: CXX_FEATURE:0cxx_attributes
    Feature record: CXX_FEATURE:0cxx_attribute_deprecated
    Feature record: CXX_FEATURE:0cxx_auto_type
    Feature record: CXX_FEATURE:0cxx_binary_literals
    Feature record: CXX_FEATURE:0cxx_constexpr
    Feature record: CXX_FEATURE:0cxx_contextual_conversions
    Feature record: CXX_FEATURE:0cxx_decltype
    Feature record: CXX_FEATURE:0cxx_decltype_auto
    Feature record: CXX_FEATURE:0cxx_decltype_incomplete_return_types
    Feature record: CXX_FEATURE:0cxx_default_function_template_args
    Feature record: CXX_FEATURE:0cxx_defaulted_functions
    Feature record: CXX_FEATURE:0cxx_defaulted_move_initializers
    Feature record: CXX_FEATURE:0cxx_delegating_constructors
    Feature record: CXX_FEATURE:0cxx_deleted_functions
    Feature record: CXX_FEATURE:0cxx_digit_separators
    Feature record: CXX_FEATURE:0cxx_enum_forward_declarations
    Feature record: CXX_FEATURE:0cxx_explicit_conversions
    Feature record: CXX_FEATURE:0cxx_extended_friend_declarations
    Feature record: CXX_FEATURE:0cxx_extern_templates
    Feature record: CXX_FEATURE:0cxx_final
    Feature record: CXX_FEATURE:0cxx_func_identifier
    Feature record: CXX_FEATURE:0cxx_generalized_initializers
    Feature record: CXX_FEATURE:0cxx_generic_lambdas
    Feature record: CXX_FEATURE:0cxx_inheriting_constructors
    Feature record: CXX_FEATURE:0cxx_inline_namespaces
    Feature record: CXX_FEATURE:0cxx_lambdas
    Feature record: CXX_FEATURE:0cxx_lambda_init_captures
    Feature record: CXX_FEATURE:0cxx_local_type_template_args
    Feature record: CXX_FEATURE:0cxx_long_long_type
    Feature record: CXX_FEATURE:0cxx_noexcept
    Feature record: CXX_FEATURE:0cxx_nonstatic_member_init
    Feature record: CXX_FEATURE:0cxx_nullptr
    Feature record: CXX_FEATURE:0cxx_override
    Feature record: CXX_FEATURE:0cxx_range_for
    Feature record: CXX_FEATURE:0cxx_raw_string_literals
    Feature record: CXX_FEATURE:0cxx_reference_qualified_functions
    Feature record: CXX_FEATURE:0cxx_relaxed_constexpr
    Feature record: CXX_FEATURE:0cxx_return_type_deduction
    Feature record: CXX_FEATURE:0cxx_right_angle_brackets
    Feature record: CXX_FEATURE:0cxx_rvalue_references
    Feature record: CXX_FEATURE:0cxx_sizeof_member
    Feature record: CXX_FEATURE:0cxx_static_assert
    Feature record: CXX_FEATURE:0cxx_strong_enums
    Feature record: CXX_FEATURE:1cxx_template_template_parameters
    Feature record: CXX_FEATURE:0cxx_thread_local
    Feature record: CXX_FEATURE:0cxx_trailing_return_types
    Feature record: CXX_FEATURE:0cxx_unicode_literals
    Feature record: CXX_FEATURE:0cxx_uniform_initialization
    Feature record: CXX_FEATURE:0cxx_unrestricted_unions
    Feature record: CXX_FEATURE:0cxx_user_literals
    Feature record: CXX_FEATURE:0cxx_variable_templates
    Feature record: CXX_FEATURE:0cxx_variadic_macros
    Feature record: CXX_FEATURE:0cxx_variadic_templates
Compiling the C compiler identification source file "CMakeCCompilerId.c" succeeded.
Compiler: /usr/bin/cc 
Build flags: 
Id flags:  

The output was:
0


Compilation of the C compiler identification source "CMakeCCompilerId.c" produced "a.out"

The C compiler identification is GNU, found in "/home/tatran/Documents/CIS-563-Final-Project-Particle-Take-2/build/CMakeFiles/3.10.2/CompilerIdC/a.out"

Determining if the C compiler works passed with the following output:
Change Dir: /home/tatran/Documents/CIS-563-Final-Project-Particle-Take-2/build/CMakeFiles/CMakeTmp

Run Build Command:"/usr/bin/make" "cmTC_e3860/fast"
/usr/bin/make -f CMakeFiles/cmTC_e3860.dir/build.make CMakeFiles/cmTC_e3860.dir/build
make[1]: Entering directory '/home/tatran/Documents/CIS-563-Final-Project-Particle-Take-2/build/CMakeFiles/CMakeTmp'
Building C object CMakeFiles/cmTC_e3860.dir/testCCompiler.c.o
/usr/bin/cc    -o CMakeFiles/cmTC_e3860.dir/testCCompiler.c.o   -c /home/tatran/Documents/CIS-563-Final-Project-Particle-Take-2/build/CMakeFiles/CMakeTmp/testCCompiler.c
Linking C executable cmTC_e3860
/usr/bin/cmake -E cmake_link_script CMakeFiles/cmTC_e3860.dir/link.txt --verbose=1
/usr/bin/cc      -rdynamic CMakeFiles/cmTC_e3860.dir/testCCompiler.c.o  -o cmTC_e3860 
make[1]: Leaving directory '/home/tatran/Documents/CIS-563-Final-Project-Particle-Take-2/build/CMakeFiles/CMakeTmp'


Detecting C compiler ABI info compiled with the following output:
Change Dir: /home/tatran/Documents/CIS-563-Final-Project-Particle-Take-2/build/CMakeFiles/CMakeTmp

Run Build Command:"/usr/bin/make" "cmTC_0ff79/fast"
/usr/bin/make -f CMakeFiles/cmTC_0ff79.dir/build.make CMakeFiles/cmTC_0ff79.dir/build
make[1]: Entering directory '/home/tatran/Documents/CIS-563-Final-Project-Particle-Take-2/build/CMakeFiles/CMakeTmp'
Building C object CMakeFiles/cmTC_0ff79.dir/CMakeCCompilerABI.c.o
/usr/bin/cc    -o CMakeFiles/cmTC_0ff79.dir/CMakeCCompilerABI.c.o   -c /usr/share/cmake-3.10/Modules/CMakeCCompilerABI.c
Linking C executable cmTC_0ff79
/usr/bin/cmake -E cmake_link_script CMakeFiles/cmTC_0ff79.dir/link.txt --verbose=1
/usr/bin/cc     -v -rdynamic CMakeFiles/cmTC_0ff79.dir/CMakeCCompilerABI.c.o  -o cmTC_0ff79 
Using built-in specs.
COLLECT_GCC=/usr/bin/cc
COLLECT_LTO_WRAPPER=/usr/lib/gcc/x86_64-linux-gnu/7/lto-wrapper
OFFLOAD_TARGET_NAMES=nvptx-none
OFFLOAD_TARGET_DEFAULT=1
Target: x86_64-linux-gnu
Configured with: ../src/configure -v --with-pkgversion='Ubuntu 7.4.0-1ubuntu1~18.04.1' --with-bugurl=file:///usr/share/doc/gcc-7/README.Bugs --enable-languages=c,ada,c++,go,brig,d,fortran,objc,obj-c++ --prefix=/usr --with-gcc-major-version-only --program-suffix=-7 --program-prefix=x86_64-linux-gnu- --enable-shared --enable-linker-build-id --libexecdir=/usr/lib --without-included-gettext --enable-threads=posix --libdir=/usr/lib --enable-nls --with-sysroot=/ --enable-clocale=gnu --enable-libstdcxx-debug --enable-libstdcxx-time=yes --with-default-libstdcxx-abi=new --enable-gnu-unique-object --disable-vtable-verify --enable-libmpx --enable-plugin --enable-default-pie --with-system-zlib --with-target-system-zlib --enable-objc-gc=auto --enable-multiarch --disable-werror --with-arch-32=i686 --with-abi=m64 --with-multilib-list=m32,m64,mx32 --enable-multilib --with-tune=generic --enable-offload-targets=nvptx-none --without-cuda-driver --enable-checking=release --build=x86_64-linux-gnu --host=x86_64-linux-gnu --target=x86_64-linux-gnu
Thread model: posix
gcc version 7.4.0 (Ubuntu 7.4.0-1ubuntu1~18.04.1) 
COMPILER_PATH=/usr/lib/gcc/x86_64-linux-gnu/7/:/usr/lib/gcc/x86_64-linux-gnu/7/:/usr/lib/gcc/x86_64-linux-gnu/:/usr/lib/gcc/x86_64-linux-gnu/7/:/usr/lib/gcc/x86_64-linux-gnu/
LIBRARY_PATH=/usr/lib/gcc/x86_64-linux-gnu/7/:/usr/lib/gcc/x86_64-linux-gnu/7/../../../x86_64-linux-gnu/:/usr/lib/gcc/x86_64-linux-gnu/7/../../../../lib/:/lib/x86_64-linux-gnu/:/lib/../lib/:/usr/lib/x86_64-linux-gnu/:/usr/lib/../lib/:/usr/lib/gcc/x86_64-linux-gnu/7/../../../:/lib/:/usr/lib/
COLLECT_GCC_OPTIONS='-v' '-rdynamic' '-o' 'cmTC_0ff79' '-mtune=generic' '-march=x86-64'
 /usr/lib/gcc/x86_64-linux-gnu/7/collect2 -plugin /usr/lib/gcc/x86_64-linux-gnu/7/liblto_plugin.so -plugin-opt=/usr/lib/gcc/x86_64-linux-gnu/7/lto-wrapper -plugin-opt=-fresolution=/tmp/ccLkwUZJ.res -plugin-opt=-pass-through=-lgcc -plugin-opt=-pass-through=-lgcc_s -plugin-opt=-pass-through=-lc -plugin-opt=-pass-through=-lgcc -plugin-opt=-pass-through=-lgcc_s --sysroot=/ --build-id --eh-frame-hdr -m elf_x86_64 --hash-style=gnu --as-needed -export-dynamic -dynamic-linker /lib64/ld-linux-x86-64.so.2 -pie -z now -z relro -o cmTC_0ff79 /usr/lib/gcc/x86_64-linux-gnu/7/../../../x86_64-linux-gnu/Scrt1.o /usr/lib/gcc/x86_64-linux-gnu/7/../../../x86_64-linux-gnu/crti.o /usr/lib/gcc/x86_64-linux-gnu/7/crtbeginS.o -L/usr/lib/gcc/x86_64-linux-gnu/7 -L/usr/lib/gcc/x86_64-linux-gnu/7/../../../x86_64-linux-gnu -L/usr/lib/gcc/x86_64-linux-gnu/7/../../../../lib -L/lib/x86_64-linux-gnu -L/lib/../lib -L/usr/lib/x86_64-linux-gnu -L/usr/lib/../lib -L/usr/lib/gcc/x86_64-linux-gnu/7/../../.. CMakeFiles/cmTC_0ff79.dir/CMakeCCompilerABI.c.o -lgcc --push-state --as-needed -lgcc_s --pop-state -lc -lgcc --push-state --as-needed -lgcc_s --pop-state /usr/lib/gcc/x86_64-linux-gnu/7/crtendS.o /usr/lib/gcc/x86_64-linux-gnu/7/../../../x86_64-linux-gnu/crtn.o
COLLECT_GCC_OPTIONS='-v' '-rdynamic' '-o' 'cmTC_0ff79' '-mtune=generic' '-march=x86-64'
make[1]: Leaving directory '/home/tatran/Documents/CIS-563-Final-Project-Particle-Take-2/build/CMakeFiles/CMakeTmp'


Parsed C implicit link information from above output:
  link line regex: [^( *|.*[/\])(ld|CMAKE_LINK_STARTFILE-NOTFOUND|([^/\]+-)?ld|collect2)[^/\]*( |$)]
  ignore line: [Change Dir: /home/tatran/Documents/CIS-563-Final-Project-Particle-Take-2/build/CMakeFiles/CMakeTmp]
  ignore line: []
  ignore line: [Run Build Command:"/usr/bin/make" "cmTC_0ff79/fast"]
  ignore line: [/usr/bin/make -f CMakeFiles/cmTC_0ff79.dir/build.make CMakeFiles/cmTC_0ff79.dir/build]
  ignore line: [make[1]: Entering directory '/home/tatran/Documents/CIS-563-Final-Project-Particle-Take-2/build/CMakeFiles/CMakeTmp']
  ignore line: [Building C object CMakeFiles/cmTC_0ff79.dir/CMakeCCompilerABI.c.o]
  ignore line: [/usr/bin/cc    -o CMakeFiles/cmTC_0ff79.dir/CMakeCCompilerABI.c.o   -c /usr/share/cmake-3.10/Modules/CMakeCCompilerABI.c]
  ignore line: [Linking C executable cmTC_0ff79]
  ignore line: [/usr/bin/cmake -E cmake_link_script CMakeFiles/cmTC_0ff79.dir/link.txt --verbose=1]
  ignore line: [/usr/bin/cc     -v -rdynamic CMakeFiles/cmTC_0ff79.dir/CMakeCCompilerABI.c.o  -o cmTC_0ff79 ]
  ignore line: [Using built-in specs.]
  ignore line: [COLLECT_GCC=/usr/bin/cc]
  ignore line: [COLLECT_LTO_WRAPPER=/usr/lib/gcc/x86_64-linux-gnu/7/lto-wrapper]
  ignore line: [OFFLOAD_TARGET_NAMES=nvptx-none]
  ignore line: [OFFLOAD_TARGET_DEFAULT=1]
  ignore line: [Target: x86_64-linux-gnu]
  ignore line: [Configured with: ../src/configure -v --with-pkgversion='Ubuntu 7.4.0-1ubuntu1~18.04.1' --with-bugurl=file:///usr/share/doc/gcc-7/README.Bugs --enable-languages=c,ada,c++,go,brig,d,fortran,objc,obj-c++ --prefix=/usr --with-gcc-major-version-only --program-suffix=-7 --program-prefix=x86_64-linux-gnu- --enable-shared --enable-linker-build-id --libexecdir=/usr/lib --without-included-gettext --enable-threads=posix --libdir=/usr/lib --enable-nls --with-sysroot=/ --enable-clocale=gnu --enable-libstdcxx-debug --enable-libstdcxx-time=yes --with-default-libstdcxx-abi=new --enable-gnu-unique-object --disable-vtable-verify --enable-libmpx --enable-plugin --enable-default-pie --with-system-zlib --with-target-system-zlib --enable-objc-gc=auto --enable-multiarch --disable-werror --with-arch-32=i686 --with-abi=m64 --with-multilib-list=m32,m64,mx32 --enable-multilib --with-tune=generic --enable-offload-targets=nvptx-none --without-cuda-driver --enable-checking=release --build=x86_64-linux-gnu --host=x86_64-linux-gnu --target=x86_64-linux-gnu]
  ignore line: [Thread model: posix]
  ignore line: [gcc version 7.4.0 (Ubuntu 7.4.0-1ubuntu1~18.04.1) ]
  ignore line: [COMPILER_PATH=/usr/lib/gcc/x86_64-linux-gnu/7/:/usr/lib/gcc/x86_64-linux-gnu/7/:/usr/lib/gcc/x86_64-linux-gnu/:/usr/lib/gcc/x86_64-linux-gnu/7/:/usr/lib/gcc/x86_64-linux-gnu/]
  ignore line: [LIBRARY_PATH=/usr/lib/gcc/x86_64-linux-gnu/7/:/usr/lib/gcc/x86_64-linux-gnu/7/../../../x86_64-linux-gnu/:/usr/lib/gcc/x86_64-linux-gnu/7/../../../../lib/:/lib/x86_64-linux-gnu/:/lib/../lib/:/usr/lib/x86_64-linux-gnu/:/usr/lib/../lib/:/usr/lib/gcc/x86_64-linux-gnu/7/../../../:/lib/:/usr/lib/]
  ignore line: [COLLECT_GCC_OPTIONS='-v' '-rdynamic' '-o' 'cmTC_0ff79' '-mtune=generic' '-march=x86-64']
  link line: [ /usr/lib/gcc/x86_64-linux-gnu/7/collect2 -plugin /usr/lib/gcc/x86_64-linux-gnu/7/liblto_plugin.so -plugin-opt=/usr/lib/gcc/x86_64-linux-gnu/7/lto-wrapper -plugin-opt=-fresolution=/tmp/ccLkwUZJ.res -plugin-opt=-pass-through=-lgcc -plugin-opt=-pass-through=-lgcc_s -plugin-opt=-pass-through=-lc -plugin-opt=-pass-through=-lgcc -plugin-opt=-pass-through=-lgcc_s --sysroot=/ --build-id --eh-frame-hdr -m elf_x86_64 --hash-style=gnu --as-needed -export-dynamic -dynamic-linker /lib64/ld-linux-x86-64.so.2 -pie -z now -z relro -o cmTC_0ff79 /usr/lib/gcc/x86_64-linux-gnu/7/../../../x86_64-linux-gnu/Scrt1.o /usr/lib/gcc/x86_64-linux-gnu/7/../../../x86_64-linux-gnu/crti.o /usr/lib/gcc/x86_64-linux-gnu/7/crtbeginS.o -L/usr/lib/gcc/x86_64-linux-gnu/7 -L/usr/lib/gcc/x86_64-linux-gnu/7/../../../x86_64-linux-gnu -L/usr/lib/gcc/x86_64-linux-gnu/7/../../../../lib -L/lib/x86_64-linux-gnu -L/lib/../lib -L/usr/lib/x86_64-linux-gnu -L/usr/lib/../lib -L/usr/lib/gcc/x86_64-linux-gnu/7/../../.. CMakeFiles/cmTC_0ff79.dir/CMakeCCompilerABI.c.o -lgcc --push-state --as-needed -lgcc_s --pop-state -lc -lgcc --push-state --as-needed -lgcc_s --pop-state /usr/lib/gcc/x86_64-linux-gnu/7/crtendS.o /usr/lib/gcc/x86_64-linux-gnu/7/../../../x86_64-linux-gnu/crtn.o]
    arg [/usr/lib/gcc/x86_64-linux-gnu/7/collect2] ==> ignore
    arg [-plugin] ==> ignore
    arg [/usr/lib/gcc/x86_64-linux-gnu/7/liblto_plugin.so] ==> ignore
    arg [-plugin-opt=/usr/lib/gcc/x86_64-linux-gnu/7/lto-wrapper] ==> ignore
    arg [-plugin-opt=-fresolution=/tmp/ccLkwUZJ.res] ==> ignore
    arg [-plugin-opt=-pass-through=-lgcc] ==> ignore
    arg [-plugin-opt=-pass-through=-lgcc_s] ==> ignore
    arg [-plugin-opt=-pass-through=-lc] ==> ignore
    arg [-plugin-opt=-pass-through=-lgcc] ==> ignore
    arg [-plugin-opt=-pass-through=-lgcc_s] ==> ignore
    arg [--sysroot=/] ==> ignore
    arg [--build-id] ==> ignore
    arg [--eh-frame-hdr] ==> ignore
    arg [-m] ==> ignore
    arg [elf_x86_64] ==> ignore
    arg [--hash-style=gnu] ==> ignore
    arg [--as-needed] ==> ignore
    arg [-export-dynamic] ==> ignore
    arg [-dynamic-linker] ==> ignore
    arg [/lib64/ld-linux-x86-64.so.2] ==> ignore
    arg [-pie] ==> ignore
    arg [-znow] ==> ignore
    arg [-zrelro] ==> ignore
    arg [-o] ==> ignore
    arg [cmTC_0ff79] ==> ignore
    arg [/usr/lib/gcc/x86_64-linux-gnu/7/../../../x86_64-linux-gnu/Scrt1.o] ==> ignore
    arg [/usr/lib/gcc/x86_64-linux-gnu/7/../../../x86_64-linux-gnu/crti.o] ==> ignore
    arg [/usr/lib/gcc/x86_64-linux-gnu/7/crtbeginS.o] ==> ignore
    arg [-L/usr/lib/gcc/x86_64-linux-gnu/7] ==> dir [/usr/lib/gcc/x86_64-linux-gnu/7]
    arg [-L/usr/lib/gcc/x86_64-linux-gnu/7/../../../x86_64-linux-gnu] ==> dir [/usr/lib/gcc/x86_64-linux-gnu/7/../../../x86_64-linux-gnu]
    arg [-L/usr/lib/gcc/x86_64-linux-gnu/7/../../../../lib] ==> dir [/usr/lib/gcc/x86_64-linux-gnu/7/../../../../lib]
    arg [-L/lib/x86_64-linux-gnu] ==> dir [/lib/x86_64-linux-gnu]
    arg [-L/lib/../lib] ==> dir [/lib/../lib]
    arg [-L/usr/lib/x86_64-linux-gnu] ==> dir [/usr/lib/x86_64-linux-gnu]
    arg [-L/usr/lib/../lib] ==> dir [/usr/lib/../lib]
    arg [-L/usr/lib/gcc/x86_64-linux-gnu/7/../../..] ==> dir [/usr/lib/gcc/x86_64-linux-gnu/7/../../..]
    arg [CMakeFiles/cmTC_0ff79.dir/CMakeCCompilerABI.c.o] ==> ignore
    arg [-lgcc] ==> lib [gcc]
    arg [--push-state] ==> ignore
    arg [--as-needed] ==> ignore
    arg [-lgcc_s] ==> lib [gcc_s]
    arg [--pop-state] ==> ignore
    arg [-lc] ==> lib [c]
    arg [-lgcc] ==> lib [gcc]
    arg [--push-state] ==> ignore
    arg [--as-needed] ==> ignore
    arg [-lgcc_s] ==> lib [gcc_s]
    arg [--pop-state] ==> ignore
    arg [/usr/lib/gcc/x86_64-linux-gnu/7/crtendS.o] ==> ignore
    arg [/usr/lib/gcc/x86_64-linux-gnu/7/../../../x86_64-linux-gnu/crtn.o] ==> ignore
  collapse library dir [/usr/lib/gcc/x86_64-linux-gnu/7] ==> [/usr/lib/gcc/x86_64-linux-gnu/7]
  collapse library dir [/usr/lib/gcc/x86_64-linux-gnu/7/../../../x86_64-linux-gnu] ==> [/usr/lib/x86_64-linux-gnu]
  collapse library dir [/usr/lib/gcc/x86_64-linux-gnu/7/../../../../lib] ==> [/usr/lib]
  collapse library dir [/lib/x86_64-linux-gnu] ==> [/lib/x86_64-linux-gnu]
  collapse library dir [/lib/../lib] ==> [/lib]
  collapse library dir [/usr/lib/x86_64-linux-gnu] ==> [/usr/lib/x86_64-linux-gnu]
  collapse library dir [/usr/lib/../lib] ==> [/usr/lib]
  collapse library dir [/usr/lib/gcc/x86_64-linux-gnu/7/../../..] ==> [/usr/lib]
  implicit libs: [gcc;gcc_s;c;gcc;gcc_s]
  implicit dirs: [/usr/lib/gcc/x86_64-linux-gnu/7;/usr/lib/x86_64-linux-gnu;/usr/lib;/lib/x86_64-linux-gnu;/lib]
  implicit fwks: []




Detecting C [-std=c11] compiler features compiled with the following output:
Change Dir: /home/tatran/Documents/CIS-563-Final-Project-Particle-Take-2/build/CMakeFiles/CMakeTmp

Run Build Command:"/usr/bin/make" "cmTC_a6047/fast"
/usr/bin/make -f CMakeFiles/cmTC_a6047.dir/build.make CMakeFiles/cmTC_a6047.dir/build
make[1]: Entering directory '/home/tatran/Documents/CIS-563-Final-Project-Particle-Take-2/build/CMakeFiles/CMakeTmp'
Building C object CMakeFiles/cmTC_a6047.dir/feature_tests.c.o
/usr/bin/cc   -std=c11 -o CMakeFiles/cmTC_a6047.dir/feature_tests.c.o   -c /home/tatran/Documents/CIS-563-Final-Project-Particle-Take-2/build/CMakeFiles/feature_tests.c
Linking C executable cmTC_a6047
/usr/bin/cmake -E cmake_link_script CMakeFiles/cmTC_a6047.dir/link.txt --verbose=1
/usr/bin/cc      -rdynamic CMakeFiles/cmTC_a6047.dir/feature_tests.c.o  -o cmTC_a6047 
make[1]: Leaving directory '/home/tatran/Documents/CIS-563-Final-Project-Particle-Take-2/build/CMakeFiles/CMakeTmp'


    Feature record: C_FEATURE:1c_function_prototypes
    Feature record: C_FEATURE:1c_restrict
    Feature record: C_FEATURE:1c_static_assert
    Feature record: C_FEATURE:1c_variadic_macros


Detecting C [-std=c99] compiler features compiled with the following output:
Change Dir: /home/tatran/Documents/CIS-563-Final-Project-Particle-Take-2/build/CMakeFiles/CMakeTmp

Run Build Command:"/usr/bin/make" "cmTC_bf1f5/fast"
/usr/bin/make -f CMakeFiles/cmTC_bf1f5.dir/build.make CMakeFiles/cmTC_bf1f5.dir/build
make[1]: Entering directory '/home/tatran/Documents/CIS-563-Final-Project-Particle-Take-2/build/CMakeFiles/CMakeTmp'
Building C object CMakeFiles/cmTC_bf1f5.dir/feature_tests.c.o
/usr/bin/cc   -std=c99 -o CMakeFiles/cmTC_bf1f5.dir/feature_tests.c.o   -c /home/tatran/Documents/CIS-563-Final-Project-Particle-Take-2/build/CMakeFiles/feature_tests.c
Linking C executable cmTC_bf1f5
/usr/bin/cmake -E cmake_link_script CMakeFiles/cmTC_bf1f5.dir/link.txt --verbose=1
/usr/bin/cc      -rdynamic CMakeFiles/cmTC_bf1f5.dir/feature_tests.c.o  -o cmTC_bf1f5 
make[1]: Leaving directory '/home/tatran/Documents/CIS-563-Final-Project-Particle-Take-2/build/CMakeFiles/CMakeTmp'


    Feature record: C_FEATURE:1c_function_prototypes
    Feature record: C_FEATURE:1c_restrict
    Feature record: C_FEATURE:0c_static_assert
    Feature record: C_FEATURE:1c_variadic_macros


Detecting C [-std=c90] compiler features compiled with the following output:
Change Dir: /home/tatran/Documents/CIS-563-Final-Project-Particle-Take-2/build/CMakeFiles/CMakeTmp

Run Build Command:"/usr/bin/make" "cmTC_c4f91/fast"
/usr/bin/make -f CMakeFiles/cmTC_c4f91.dir/build.make CMakeFiles/cmTC_c4f91.dir/build
make[1]: Entering directory '/home/tatran/Documents/CIS-563-Final-Project-Particle-Take-2/build/CMakeFiles/CMakeTmp'
Building C object CMakeFiles/cmTC_c4f91.dir/feature_tests.c.o
/usr/bin/cc   -std=c90 -o CMakeFiles/cmTC_c4f91.dir/feature_tests.c.o   -c /home/tatran/Documents/CIS-563-Final-Project-Particle-Take-2/build/CMakeFiles/feature_tests.c
Linking C executable cmTC_c4f91
/usr/bin/cmake -E cmake_link_script CMakeFiles/cmTC_c4f91.dir/link.txt --verbose=1
/usr/bin/cc      -rdynamic CMakeFiles/cmTC_c4f91.dir/feature_tests.c.o  -o cmTC_c4f91 
make[1]: Leaving directory '/home/tatran/Documents/CIS-563-Final-Project-Particle-Take-2/build/CMakeFiles/CMakeTmp'


    Feature record: C_FEATURE:1c_function_prototypes
    Feature record: C_FEATURE:0c_restrict
    Feature record: C_FEATURE:0c_static_assert
    Feature record: C_FEATURE:0c_variadic_macros
Determining if the include file pthread.h exists passed with the following output:
Change Dir: /home/tatran/Documents/CIS-563-Final-Project-Particle-Take-2/build/CMakeFiles/CMakeTmp

Run Build Command:"/usr/bin/make" "cmTC_4c130/fast"
/usr/bin/make -f CMakeFiles/cmTC_4c130.dir/build.make CMakeFiles/cmTC_4c130.dir/build
make[1]: Entering directory '/home/tatran/Documents/CIS-563-Final-Project-Particle-Take-2/build/CMakeFiles/CMakeTmp'
Building CXX object CMakeFiles/cmTC_4c130.dir/CheckIncludeFile.cxx.o
/usr/bin/c++    -Wno-reorder -Wno-sign-compare -Wno-format-nonliteral -Wno-unused-but-set-variable -Wno-misleading-indentation -Wno-unused-variable -Wno-maybe-uninitialized -fPIC -Wall -Werror=all -Wextra -Wno-unused-parameter -Wcast-align -Wformat=2 -Winit-self -Wmissing-include-dirs -Woverloaded-virtual -Wredundant-decls -march=native -fno-math-errno    -o CMakeFiles/cmTC_4c130.dir/CheckIncludeFile.cxx.o -c /home/tatran/Documents/CIS-563-Final-Project-Particle-Take-2/build/CMakeFiles/CMakeTmp/CheckIncludeFile.cxx
Linking CXX executable cmTC_4c130
/usr/bin/cmake -E cmake_link_script CMakeFiles/cmTC_4c130.dir/link.txt --verbose=1
/usr/bin/c++   -Wno-reorder -Wno-sign-compare -Wno-format-nonliteral -Wno-unused-but-set-variable -Wno-misleading-indentation -Wno-unused-variable -Wno-maybe-uninitialized -fPIC -Wall -Werror=all -Wextra -Wno-unused-parameter -Wcast-align -Wformat=2 -Winit-self -Wmissing-include-dirs -Woverloaded-virtual -Wredundant-decls -march=native -fno-math-errno     -rdynamic CMakeFiles/cmTC_4c130.dir/CheckIncludeFile.cxx.o  -o cmTC_4c130 
make[1]: Leaving directory '/home/tatran/Documents/CIS-563-Final-Project-Particle-Take-2/build/CMakeFiles/CMakeTmp'


Determining if the function pthread_create exists in the pthread passed with the following output:
Change Dir: /home/tatran/Documents/CIS-563-Final-Project-Particle-Take-2/build/CMakeFiles/CMakeTmp

Run Build Command:"/usr/bin/make" "cmTC_285f1/fast"
/usr/bin/make -f CMakeFiles/cmTC_285f1.dir/build.make CMakeFiles/cmTC_285f1.dir/build
make[1]: Entering directory '/home/tatran/Documents/CIS-563-Final-Project-Particle-Take-2/build/CMakeFiles/CMakeTmp'
Building CXX object CMakeFiles/cmTC_285f1.dir/CheckFunctionExists.cxx.o
/usr/bin/c++    -Wno-reorder -Wno-sign-compare -Wno-format-nonliteral -Wno-unused-but-set-variable -Wno-misleading-indentation -Wno-unused-variable -Wno-maybe-uninitialized -fPIC -Wall -Werror=all -Wextra -Wno-unused-parameter -Wcast-align -Wformat=2 -Winit-self -Wmissing-include-dirs -Woverloaded-virtual -Wredundant-decls -march=native -fno-math-errno -DCHECK_FUNCTION_EXISTS=pthread_create   -o CMakeFiles/cmTC_285f1.dir/CheckFunctionExists.cxx.o -c /home/tatran/Documents/CIS-563-Final-Project-Particle-Take-2/build/CMakeFiles/CheckLibraryExists/CheckFunctionExists.cxx
Linking CXX executable cmTC_285f1
/usr/bin/cmake -E cmake_link_script CMakeFiles/cmTC_285f1.dir/link.txt --verbose=1
/usr/bin/c++   -Wno-reorder -Wno-sign-compare -Wno-format-nonliteral -Wno-unused-but-set-variable -Wno-misleading-indentation -Wno-unused-variable -Wno-maybe-uninitialized -fPIC -Wall -Werror=all -Wextra -Wno-unused-parameter -Wcast-align -Wformat=2 -Winit-self -Wmissing-include-dirs -Woverloaded-virtual -Wredundant-decls -march=native -fno-math-errno -DCHECK_FUNCTION_EXISTS=pthread_create    -rdynamic CMakeFiles/cmTC_285f1.dir/CheckFunctionExists.cxx.o  -o cmTC_285f1 -lpthread 
make[1]: Leaving directory '/home/tatran/Documents/CIS-563-Final-Project-Particle-Take-2/build/CMakeFiles/CMakeTmp'


Determining if the function XOpenDisplay exists in the /usr/lib/x86_64-linux-gnu/libX11.so;/usr/lib/x86_64-linux-gnu/libXext.so passed with the following output:
Change Dir: /home/tatran/Documents/CIS-563-Final-Project-Particle-Take-2/build/CMakeFiles/CMakeTmp

Run Build Command:"/usr/bin/make" "cmTC_d86d8/fast"
/usr/bin/make -f CMakeFiles/cmTC_d86d8.dir/build.make CMakeFiles/cmTC_d86d8.dir/build
make[1]: Entering directory '/home/tatran/Documents/CIS-563-Final-Project-Particle-Take-2/build/CMakeFiles/CMakeTmp'
Building C object CMakeFiles/cmTC_d86d8.dir/CheckFunctionExists.c.o
/usr/bin/cc   -DCHECK_FUNCTION_EXISTS=XOpenDisplay   -o CMakeFiles/cmTC_d86d8.dir/CheckFunctionExists.c.o   -c /usr/share/cmake-3.10/Modules/CheckFunctionExists.c
Linking C executable cmTC_d86d8
/usr/bin/cmake -E cmake_link_script CMakeFiles/cmTC_d86d8.dir/link.txt --verbose=1
/usr/bin/cc  -DCHECK_FUNCTION_EXISTS=XOpenDisplay    -rdynamic CMakeFiles/cmTC_d86d8.dir/CheckFunctionExists.c.o  -o cmTC_d86d8 /usr/lib/x86_64-linux-gnu/libX11.so /usr/lib/x86_64-linux-gnu/libXext.so 
make[1]: Leaving directory '/home/tatran/Documents/CIS-563-Final-Project-Particle-Take-2/build/CMakeFiles/CMakeTmp'


Determining if the function gethostbyname exists passed with the following output:
Change Dir: /home/tatran/Documents/CIS-563-Final-Project-Particle-Take-2/build/CMakeFiles/CMakeTmp

Run Build Command:"/usr/bin/make" "cmTC_1a627/fast"
/usr/bin/make -f CMakeFiles/cmTC_1a627.dir/build.make CMakeFiles/cmTC_1a627.dir/build
make[1]: Entering directory '/home/tatran/Documents/CIS-563-Final-Project-Particle-Take-2/build/CMakeFiles/CMakeTmp'
Building C object CMakeFiles/cmTC_1a627.dir/CheckFunctionExists.c.o
/usr/bin/cc   -DCHECK_FUNCTION_EXISTS=gethostbyname   -o CMakeFiles/cmTC_1a627.dir/CheckFunctionExists.c.o   -c /usr/share/cmake-3.10/Modules/CheckFunctionExists.c
Linking C executable cmTC_1a627
/usr/bin/cmake -E cmake_link_script CMakeFiles/cmTC_1a627.dir/link.txt --verbose=1
/usr/bin/cc  -DCHECK_FUNCTION_EXISTS=gethostbyname    -rdynamic CMakeFiles/cmTC_1a627.dir/CheckFunctionExists.c.o  -o cmTC_1a627 
make[1]: Leaving directory '/home/tatran/Documents/CIS-563-Final-Project-Particle-Take-2/build/CMakeFiles/CMakeTmp'


Determining if the function connect exists passed with the following output:
Change Dir: /home/tatran/Documents/CIS-563-Final-Project-Particle-Take-2/build/CMakeFiles/CMakeTmp

Run Build Command:"/usr/bin/make" "cmTC_c0fca/fast"
/usr/bin/make -f CMakeFiles/cmTC_c0fca.dir/build.make CMakeFiles/cmTC_c0fca.dir/build
make[1]: Entering directory '/home/tatran/Documents/CIS-563-Final-Project-Particle-Take-2/build/CMakeFiles/CMakeTmp'
Building C object CMakeFiles/cmTC_c0fca.dir/CheckFunctionExists.c.o
/usr/bin/cc   -DCHECK_FUNCTION_EXISTS=connect   -o CMakeFiles/cmTC_c0fca.dir/CheckFunctionExists.c.o   -c /usr/share/cmake-3.10/Modules/CheckFunctionExists.c
Linking C executable cmTC_c0fca
/usr/bin/cmake -E cmake_link_script CMakeFiles/cmTC_c0fca.dir/link.txt --verbose=1
/usr/bin/cc  -DCHECK_FUNCTION_EXISTS=connect    -rdynamic CMakeFiles/cmTC_c0fca.dir/CheckFunctionExists.c.o  -o cmTC_c0fca 
make[1]: Leaving directory '/home/tatran/Documents/CIS-563-Final-Project-Particle-Take-2/build/CMakeFiles/CMakeTmp'


Determining if the function remove exists passed with the following output:
Change Dir: /home/tatran/Documents/CIS-563-Final-Project-Particle-Take-2/build/CMakeFiles/CMakeTmp

Run Build Command:"/usr/bin/make" "cmTC_e9f5f/fast"
/usr/bin/make -f CMakeFiles/cmTC_e9f5f.dir/build.make CMakeFiles/cmTC_e9f5f.dir/build
make[1]: Entering directory '/home/tatran/Documents/CIS-563-Final-Project-Particle-Take-2/build/CMakeFiles/CMakeTmp'
Building C object CMakeFiles/cmTC_e9f5f.dir/CheckFunctionExists.c.o
/usr/bin/cc   -DCHECK_FUNCTION_EXISTS=remove   -o CMakeFiles/cmTC_e9f5f.dir/CheckFunctionExists.c.o   -c /usr/share/cmake-3.10/Modules/CheckFunctionExists.c
Linking C executable cmTC_e9f5f
/usr/bin/cmake -E cmake_link_script CMakeFiles/cmTC_e9f5f.dir/link.txt --verbose=1
/usr/bin/cc  -DCHECK_FUNCTION_EXISTS=remove    -rdynamic CMakeFiles/cmTC_e9f5f.dir/CheckFunctionExists.c.o  -o cmTC_e9f5f 
make[1]: Leaving directory '/home/tatran/Documents/CIS-563-Final-Project-Particle-Take-2/build/CMakeFiles/CMakeTmp'


Determining if the function shmat exists passed with the following output:
Change Dir: /home/tatran/Documents/CIS-563-Final-Project-Particle-Take-2/build/CMakeFiles/CMakeTmp

Run Build Command:"/usr/bin/make" "cmTC_8ffc5/fast"
/usr/bin/make -f CMakeFiles/cmTC_8ffc5.dir/build.make CMakeFiles/cmTC_8ffc5.dir/build
make[1]: Entering directory '/home/tatran/Documents/CIS-563-Final-Project-Particle-Take-2/build/CMakeFiles/CMakeTmp'
Building C object CMakeFiles/cmTC_8ffc5.dir/CheckFunctionExists.c.o
/usr/bin/cc   -DCHECK_FUNCTION_EXISTS=shmat   -o CMakeFiles/cmTC_8ffc5.dir/CheckFunctionExists.c.o   -c /usr/share/cmake-3.10/Modules/CheckFunctionExists.c
Linking C executable cmTC_8ffc5
/usr/bin/cmake -E cmake_link_script CMakeFiles/cmTC_8ffc5.dir/link.txt --verbose=1
/usr/bin/cc  -DCHECK_FUNCTION_EXISTS=shmat    -rdynamic CMakeFiles/cmTC_8ffc5.dir/CheckFunctionExists.c.o  -o cmTC_8ffc5 
make[1]: Leaving directory '/home/tatran/Documents/CIS-563-Final-Project-Particle-Take-2/build/CMakeFiles/CMakeTmp'


Determining if the function IceConnectionNumber exists in the ICE passed with the following output:
Change Dir: /home/tatran/Documents/CIS-563-Final-Project-Particle-Take-2/build/CMakeFiles/CMakeTmp

Run Build Command:"/usr/bin/make" "cmTC_9f101/fast"
/usr/bin/make -f CMakeFiles/cmTC_9f101.dir/build.make CMakeFiles/cmTC_9f101.dir/build
make[1]: Entering directory '/home/tatran/Documents/CIS-563-Final-Project-Particle-Take-2/build/CMakeFiles/CMakeTmp'
Building C object CMakeFiles/cmTC_9f101.dir/CheckFunctionExists.c.o
/usr/bin/cc   -DCHECK_FUNCTION_EXISTS=IceConnectionNumber   -o CMakeFiles/cmTC_9f101.dir/CheckFunctionExists.c.o   -c /usr/share/cmake-3.10/Modules/CheckFunctionExists.c
Linking C executable cmTC_9f101
/usr/bin/cmake -E cmake_link_script CMakeFiles/cmTC_9f101.dir/link.txt --verbose=1
/usr/bin/cc  -DCHECK_FUNCTION_EXISTS=IceConnectionNumber    -rdynamic CMakeFiles/cmTC_9f101.dir/CheckFunctionExists.c.o  -o cmTC_9f101 -lICE 
make[1]: Leaving directory '/home/tatran/Documents/CIS-563-Final-Project-Particle-Take-2/build/CMakeFiles/CMakeTmp'


Performing C++ SOURCE FILE Test COMPILER_HAS_HIDDEN_VISIBILITY succeeded with the following output:
Change Dir: /home/tatran/Documents/CIS-563-Final-Project-Particle-Take-2/build/CMakeFiles/CMakeTmp

Run Build Command:"/usr/bin/make" "cmTC_54f74/fast"
/usr/bin/make -f CMakeFiles/cmTC_54f74.dir/build.make CMakeFiles/cmTC_54f74.dir/build
make[1]: Entering directory '/home/tatran/Documents/CIS-563-Final-Project-Particle-Take-2/build/CMakeFiles/CMakeTmp'
Building CXX object CMakeFiles/cmTC_54f74.dir/src.cxx.o
/usr/bin/c++    -Wno-reorder -Wno-sign-compare -Wno-format-nonliteral -Wno-unused-but-set-variable -Wno-misleading-indentation -Wno-unused-variable -Wno-maybe-uninitialized -fPIC -Wall -Werror=all -Wextra -Wno-unused-parameter -Wcast-align -Wformat=2 -Winit-self -Wmissing-include-dirs -Woverloaded-virtual -Wredundant-decls -march=native -fno-math-errno -DCOMPILER_HAS_HIDDEN_VISIBILITY   -fvisibility=hidden -o CMakeFiles/cmTC_54f74.dir/src.cxx.o -c /home/tatran/Documents/CIS-563-Final-Project-Particle-Take-2/build/CMakeFiles/CMakeTmp/src.cxx
Linking CXX executable cmTC_54f74
/usr/bin/cmake -E cmake_link_script CMakeFiles/cmTC_54f74.dir/link.txt --verbose=1
/usr/bin/c++   -Wno-reorder -Wno-sign-compare -Wno-format-nonliteral -Wno-unused-but-set-variable -Wno-misleading-indentation -Wno-unused-variable -Wno-maybe-uninitialized -fPIC -Wall -Werror=all -Wextra -Wno-unused-parameter -Wcast-align -Wformat=2 -Winit-self -Wmissing-include-dirs -Woverloaded-virtual -Wredundant-decls -march=native -fno-math-errno -DCOMPILER_HAS_HIDDEN_VISIBILITY    -rdynamic CMakeFiles/cmTC_54f74.dir/src.cxx.o  -o cmTC_54f74 
make[1]: Leaving directory '/home/tatran/Documents/CIS-563-Final-Project-Particle-Take-2/build/CMakeFiles/CMakeTmp'

Source file was:
int main() { return 0; }
Performing C++ SOURCE FILE Test COMPILER_HAS_HIDDEN_INLINE_VISIBILITY succeeded with the following output:
Change Dir: /home/tatran/Documents/CIS-563-Final-Project-Particle-Take-2/build/CMakeFiles/CMakeTmp

Run Build Command:"/usr/bin/make" "cmTC_1b7ba/fast"
/usr/bin/make -f CMakeFiles/cmTC_1b7ba.dir/build.make CMakeFiles/cmTC_1b7ba.dir/build
make[1]: Entering directory '/home/tatran/Documents/CIS-563-Final-Project-Particle-Take-2/build/CMakeFiles/CMakeTmp'
Building CXX object CMakeFiles/cmTC_1b7ba.dir/src.cxx.o
/usr/bin/c++    -Wno-reorder -Wno-sign-compare -Wno-format-nonliteral -Wno-unused-but-set-variable -Wno-misleading-indentation -Wno-unused-variable -Wno-maybe-uninitialized -fPIC -Wall -Werror=all -Wextra -Wno-unused-parameter -Wcast-align -Wformat=2 -Winit-self -Wmissing-include-dirs -Woverloaded-virtual -Wredundant-decls -march=native -fno-math-errno -DCOMPILER_HAS_HIDDEN_INLINE_VISIBILITY   -fvisibility-inlines-hidden -o CMakeFiles/cmTC_1b7ba.dir/src.cxx.o -c /home/tatran/Documents/CIS-563-Final-Project-Particle-Take-2/build/CMakeFiles/CMakeTmp/src.cxx
Linking CXX executable cmTC_1b7ba
/usr/bin/cmake -E cmake_link_script CMakeFiles/cmTC_1b7ba.dir/link.txt --verbose=1
/usr/bin/c++   -Wno-reorder -Wno-sign-compare -Wno-format-nonliteral -Wno-unused-but-set-variable -Wno-misleading-indentation -Wno-unused-variable -Wno-maybe-uninitialized -fPIC -Wall -Werror=all -Wextra -Wno-unused-parameter -Wcast-align -Wformat=2 -Winit-self -Wmissing-include-dirs -Woverloaded-virtual -Wredundant-decls -march=native -fno-math-errno -DCOMPILER_HAS_HIDDEN_INLINE_VISIBILITY    -rdynamic CMakeFiles/cmTC_1b7ba.dir/src.cxx.o  -o cmTC_1b7ba 
make[1]: Leaving directory '/home/tatran/Documents/CIS-563-Final-Project-Particle-Take-2/build/CMakeFiles/CMakeTmp'

Source file was:
int main() { return 0; }
Performing C++ SOURCE FILE Test COMPILER_HAS_DEPRECATED_ATTR succeeded with the following output:
Change Dir: /home/tatran/Documents/CIS-563-Final-Project-Particle-Take-2/build/CMakeFiles/CMakeTmp

Run Build Command:"/usr/bin/make" "cmTC_1148f/fast"
/usr/bin/make -f CMakeFiles/cmTC_1148f.dir/build.make CMakeFiles/cmTC_1148f.dir/build
make[1]: Entering directory '/home/tatran/Documents/CIS-563-Final-Project-Particle-Take-2/build/CMakeFiles/CMakeTmp'
Building CXX object CMakeFiles/cmTC_1148f.dir/src.cxx.o
/usr/bin/c++    -Wno-reorder -Wno-sign-compare -Wno-format-nonliteral -Wno-unused-but-set-variable -Wno-misleading-indentation -Wno-unused-variable -Wno-maybe-uninitialized -fPIC -Wall -Werror=all -Wextra -Wno-unused-parameter -Wcast-align -Wformat=2 -Winit-self -Wmissing-include-dirs -Woverloaded-virtual -Wredundant-decls -march=native -fno-math-errno -DCOMPILER_HAS_DEPRECATED_ATTR   -o CMakeFiles/cmTC_1148f.dir/src.cxx.o -c /home/tatran/Documents/CIS-563-Final-Project-Particle-Take-2/build/CMakeFiles/CMakeTmp/src.cxx
/home/tatran/Documents/CIS-563-Final-Project-Particle-Take-2/build/CMakeFiles/CMakeTmp/src.cxx: In function int main():
/home/tatran/Documents/CIS-563-Final-Project-Particle-Take-2/build/CMakeFiles/CMakeTmp/src.cxx:2:34: warning: int somefunc() is deprecated [-Wdeprecated-declarations]
     int main() { return somefunc();}
                                  ^
/home/tatran/Documents/CIS-563-Final-Project-Particle-Take-2/build/CMakeFiles/CMakeTmp/src.cxx:1:37: note: declared here
 __attribute__((__deprecated__)) int somefunc() { return 0; }
                                     ^~~~~~~~
Linking CXX executable cmTC_1148f
/usr/bin/cmake -E cmake_link_script CMakeFiles/cmTC_1148f.dir/link.txt --verbose=1
/usr/bin/c++   -Wno-reorder -Wno-sign-compare -Wno-format-nonliteral -Wno-unused-but-set-variable -Wno-misleading-indentation -Wno-unused-variable -Wno-maybe-uninitialized -fPIC -Wall -Werror=all -Wextra -Wno-unused-parameter -Wcast-align -Wformat=2 -Winit-self -Wmissing-include-dirs -Woverloaded-virtual -Wredundant-decls -march=native -fno-math-errno -DCOMPILER_HAS_DEPRECATED_ATTR    -rdynamic CMakeFiles/cmTC_1148f.dir/src.cxx.o  -o cmTC_1148f 
make[1]: Leaving directory '/home/tatran/Documents/CIS-563-Final-Project-Particle-Take-2/build/CMakeFiles/CMakeTmp'

Source file was:
__attribute__((__deprecated__)) int somefunc() { return 0; }
    int main() { return somefunc();}
